# JRE version: Java(TM) SE Runtime Environment (8.0_45-b15) (build 1.8.0_45-b15)
# Java VM: Java HotSpot(TM) Client VM (25.45-b02 mixed mode windows-x86 )
Heap:
 def new generation   total 4928K, used 262K [0x03e00000, 0x04350000, 0x09350000)
  eden space 4416K,   4% used [0x03e00000, 0x03e2eab8, 0x04250000)
  from space 512K,  14% used [0x04250000, 0x04263118, 0x042d0000)
  to   space 512K,   0% used [0x042d0000, 0x042d0000, 0x04350000)
 tenured generation   total 10944K, used 3999K [0x09350000, 0x09e00000, 0x13e00000)
   the space 10944K,  36% used [0x09350000, 0x09737cf8, 0x09737e00, 0x09e00000)
 Metaspace       used 8387K, capacity 8594K, committed 8704K, reserved 9600K
GC Heap History (8 events):
Event: 0.451 GC heap before
{Heap before GC invocations=0 (full 0):
 def new generation   total 4928K, used 4416K [0x03e00000, 0x04350000, 0x09350000)
  eden space 4416K, 100% used [0x03e00000, 0x04250000, 0x04250000)
  from space 512K,   0% used [0x04250000, 0x04250000, 0x042d0000)
  to   space 512K,   0% used [0x042d0000, 0x042d0000, 0x04350000)
 tenured generation   total 10944K, used 0K [0x09350000, 0x09e00000, 0x13e00000)
   the space 10944K,   0% used [0x09350000, 0x09350000, 0x09350200, 0x09e00000)
 Metaspace       used 7155K, capacity 7331K, committed 7424K, reserved 7552K
Event: 0.457 GC heap after
Heap after GC invocations=1 (full 0):
 def new generation   total 4928K, used 512K [0x03e00000, 0x04350000, 0x09350000)
  eden space 4416K,   0% used [0x03e00000, 0x03e00000, 0x04250000)
  from space 512K, 100% used [0x042d0000, 0x04350000, 0x04350000)
  to   space 512K,   0% used [0x04250000, 0x04250000, 0x042d0000)
 tenured generation   total 10944K, used 1176K [0x09350000, 0x09e00000, 0x13e00000)
   the space 10944K,  10% used [0x09350000, 0x09476060, 0x09476200, 0x09e00000)
 Metaspace       used 7155K, capacity 7331K, committed 7424K, reserved 7552K
}
Event: 2.001 GC heap before
{Heap before GC invocations=1 (full 0):
 def new generation   total 4928K, used 4928K [0x03e00000, 0x04350000, 0x09350000)
  eden space 4416K, 100% used [0x03e00000, 0x04250000, 0x04250000)
  from space 512K, 100% used [0x042d0000, 0x04350000, 0x04350000)
  to   space 512K,   0% used [0x04250000, 0x04250000, 0x042d0000)
 tenured generation   total 10944K, used 1176K [0x09350000, 0x09e00000, 0x13e00000)
   the space 10944K,  10% used [0x09350000, 0x09476060, 0x09476200, 0x09e00000)
 Metaspace       used 8295K, capacity 8498K, committed 8576K, reserved 8576K
Event: 2.007 GC heap after
Heap after GC invocations=2 (full 0):
 def new generation   total 4928K, used 512K [0x03e00000, 0x04350000, 0x09350000)
  eden space 4416K,   0% used [0x03e00000, 0x03e00000, 0x04250000)
  from space 512K, 100% used [0x04250000, 0x042d0000, 0x042d0000)
  to   space 512K,   0% used [0x042d0000, 0x042d0000, 0x04350000)
 tenured generation   total 10944K, used 3510K [0x09350000, 0x09e00000, 0x13e00000)
   the space 10944K,  32% used [0x09350000, 0x096bd870, 0x096bda00, 0x09e00000)
 Metaspace       used 8295K, capacity 8498K, committed 8576K, reserved 8576K
}
Event: 4.020 GC heap before
{Heap before GC invocations=2 (full 0):
 def new generation   total 4928K, used 4928K [0x03e00000, 0x04350000, 0x09350000)
  eden space 4416K, 100% used [0x03e00000, 0x04250000, 0x04250000)
  from space 512K, 100% used [0x04250000, 0x042d0000, 0x042d0000)
  to   space 512K,   0% used [0x042d0000, 0x042d0000, 0x04350000)
 tenured generation   total 10944K, used 3510K [0x09350000, 0x09e00000, 0x13e00000)
   the space 10944K,  32% used [0x09350000, 0x096bd870, 0x096bda00, 0x09e00000)
 Metaspace       used 8383K, capacity 8594K, committed 8704K, reserved 9600K
Event: 4.024 GC heap after
Heap after GC invocations=3 (full 0):
 def new generation   total 4928K, used 71K [0x03e00000, 0x04350000, 0x09350000)
  eden space 4416K,   0% used [0x03e00000, 0x03e00000, 0x04250000)
  from space 512K,  13% used [0x042d0000, 0x042e1d48, 0x04350000)
  to   space 512K,   0% used [0x04250000, 0x04250000, 0x042d0000)
 tenured generation   total 10944K, used 3999K [0x09350000, 0x09e00000, 0x13e00000)
   the space 10944K,  36% used [0x09350000, 0x09737cf8, 0x09737e00, 0x09e00000)
 Metaspace       used 8383K, capacity 8594K, committed 8704K, reserved 9600K
}
Event: 5.798 GC heap before
{Heap before GC invocations=3 (full 0):
 def new generation   total 4928K, used 4487K [0x03e00000, 0x04350000, 0x09350000)
  eden space 4416K, 100% used [0x03e00000, 0x04250000, 0x04250000)
  from space 512K,  13% used [0x042d0000, 0x042e1d48, 0x04350000)
  to   space 512K,   0% used [0x04250000, 0x04250000, 0x042d0000)
 tenured generation   total 10944K, used 3999K [0x09350000, 0x09e00000, 0x13e00000)
   the space 10944K,  36% used [0x09350000, 0x09737cf8, 0x09737e00, 0x09e00000)
 Metaspace       used 8387K, capacity 8594K, committed 8704K, reserved 9600K
Event: 5.799 GC heap after
Heap after GC invocations=4 (full 0):
 def new generation   total 4928K, used 76K [0x03e00000, 0x04350000, 0x09350000)
  eden space 4416K,   0% used [0x03e00000, 0x03e00000, 0x04250000)
  from space 512K,  14% used [0x04250000, 0x04263118, 0x042d0000)
  to   space 512K,   0% used [0x042d0000, 0x042d0000, 0x04350000)
 tenured generation   total 10944K, used 3999K [0x09350000, 0x09e00000, 0x13e00000)
   the space 10944K,  36% used [0x09350000, 0x09737cf8, 0x09737e00, 0x09e00000)
 Metaspace       used 8387K, capacity 8594K, committed 8704K, reserved 9600K
}

