# JRE version: Java(TM) SE Runtime Environment (8.0_45-b15) (build 1.8.0_45-b15)
# Java VM: Java HotSpot(TM) Client VM (25.45-b02 mixed mode windows-x86 )
Heap:
 def new generation   total 4928K, used 221K [0x03e00000, 0x04350000, 0x09350000)
  eden space 4416K,   4% used [0x03e00000, 0x03e2de78, 0x04250000)
  from space 512K,   7% used [0x042d0000, 0x042d9600, 0x04350000)
  to   space 512K,   0% used [0x04250000, 0x04250000, 0x042d0000)
 tenured generation   total 10944K, used 3876K [0x09350000, 0x09e00000, 0x13e00000)
   the space 10944K,  35% used [0x09350000, 0x09719270, 0x09719400, 0x09e00000)
 Metaspace       used 8209K, capacity 8435K, committed 8576K, reserved 8576K
GC Heap History (10 events):
Event: 19.484 GC heap before
{Heap before GC invocations=22 (full 0):
 def new generation   total 4928K, used 4452K [0x03e00000, 0x04350000, 0x09350000)
  eden space 4416K, 100% used [0x03e00000, 0x04250000, 0x04250000)
  from space 512K,   7% used [0x04250000, 0x04259140, 0x042d0000)
  to   space 512K,   0% used [0x042d0000, 0x042d0000, 0x04350000)
 tenured generation   total 10944K, used 3869K [0x09350000, 0x09e00000, 0x13e00000)
   the space 10944K,  35% used [0x09350000, 0x097176a8, 0x09717800, 0x09e00000)
 Metaspace       used 8209K, capacity 8435K, committed 8576K, reserved 8576K
Event: 19.485 GC heap after
Heap after GC invocations=23 (full 0):
 def new generation   total 4928K, used 36K [0x03e00000, 0x04350000, 0x09350000)
  eden space 4416K,   0% used [0x03e00000, 0x03e00000, 0x04250000)
  from space 512K,   7% used [0x042d0000, 0x042d9038, 0x04350000)
  to   space 512K,   0% used [0x04250000, 0x04250000, 0x042d0000)
 tenured generation   total 10944K, used 3870K [0x09350000, 0x09e00000, 0x13e00000)
   the space 10944K,  35% used [0x09350000, 0x09717b28, 0x09717c00, 0x09e00000)
 Metaspace       used 8209K, capacity 8435K, committed 8576K, reserved 8576K
}
Event: 19.720 GC heap before
{Heap before GC invocations=23 (full 0):
 def new generation   total 4928K, used 4452K [0x03e00000, 0x04350000, 0x09350000)
  eden space 4416K, 100% used [0x03e00000, 0x04250000, 0x04250000)
  from space 512K,   7% used [0x042d0000, 0x042d9038, 0x04350000)
  to   space 512K,   0% used [0x04250000, 0x04250000, 0x042d0000)
 tenured generation   total 10944K, used 3870K [0x09350000, 0x09e00000, 0x13e00000)
   the space 10944K,  35% used [0x09350000, 0x09717b28, 0x09717c00, 0x09e00000)
 Metaspace       used 8209K, capacity 8435K, committed 8576K, reserved 8576K
Event: 19.721 GC heap after
Heap after GC invocations=24 (full 0):
 def new generation   total 4928K, used 36K [0x03e00000, 0x04350000, 0x09350000)
  eden space 4416K,   0% used [0x03e00000, 0x03e00000, 0x04250000)
  from space 512K,   7% used [0x04250000, 0x04259298, 0x042d0000)
  to   space 512K,   0% used [0x042d0000, 0x042d0000, 0x04350000)
 tenured generation   total 10944K, used 3872K [0x09350000, 0x09e00000, 0x13e00000)
   the space 10944K,  35% used [0x09350000, 0x09718058, 0x09718200, 0x09e00000)
 Metaspace       used 8209K, capacity 8435K, committed 8576K, reserved 8576K
}
Event: 19.945 GC heap before
{Heap before GC invocations=24 (full 0):
 def new generation   total 4928K, used 4452K [0x03e00000, 0x04350000, 0x09350000)
  eden space 4416K, 100% used [0x03e00000, 0x04250000, 0x04250000)
  from space 512K,   7% used [0x04250000, 0x04259298, 0x042d0000)
  to   space 512K,   0% used [0x042d0000, 0x042d0000, 0x04350000)
 tenured generation   total 10944K, used 3872K [0x09350000, 0x09e00000, 0x13e00000)
   the space 10944K,  35% used [0x09350000, 0x09718058, 0x09718200, 0x09e00000)
 Metaspace       used 8209K, capacity 8435K, committed 8576K, reserved 8576K
Event: 19.946 GC heap after
Heap after GC invocations=25 (full 0):
 def new generation   total 4928K, used 33K [0x03e00000, 0x04350000, 0x09350000)
  eden space 4416K,   0% used [0x03e00000, 0x03e00000, 0x04250000)
  from space 512K,   6% used [0x042d0000, 0x042d8430, 0x04350000)
  to   space 512K,   0% used [0x04250000, 0x04250000, 0x042d0000)
 tenured generation   total 10944K, used 3874K [0x09350000, 0x09e00000, 0x13e00000)
   the space 10944K,  35% used [0x09350000, 0x097189b8, 0x09718a00, 0x09e00000)
 Metaspace       used 8209K, capacity 8435K, committed 8576K, reserved 8576K
}
Event: 20.201 GC heap before
{Heap before GC invocations=25 (full 0):
 def new generation   total 4928K, used 4449K [0x03e00000, 0x04350000, 0x09350000)
  eden space 4416K, 100% used [0x03e00000, 0x04250000, 0x04250000)
  from space 512K,   6% used [0x042d0000, 0x042d8430, 0x04350000)
  to   space 512K,   0% used [0x04250000, 0x04250000, 0x042d0000)
 tenured generation   total 10944K, used 3874K [0x09350000, 0x09e00000, 0x13e00000)
   the space 10944K,  35% used [0x09350000, 0x097189b8, 0x09718a00, 0x09e00000)
 Metaspace       used 8209K, capacity 8435K, committed 8576K, reserved 8576K
Event: 20.202 GC heap after
Heap after GC invocations=26 (full 0):
 def new generation   total 4928K, used 50K [0x03e00000, 0x04350000, 0x09350000)
  eden space 4416K,   0% used [0x03e00000, 0x03e00000, 0x04250000)
  from space 512K,   9% used [0x04250000, 0x0425caf0, 0x042d0000)
  to   space 512K,   0% used [0x042d0000, 0x042d0000, 0x04350000)
 tenured generation   total 10944K, used 3875K [0x09350000, 0x09e00000, 0x13e00000)
   the space 10944K,  35% used [0x09350000, 0x09718e00, 0x09718e00, 0x09e00000)
 Metaspace       used 8209K, capacity 8435K, committed 8576K, reserved 8576K
}
Event: 20.557 GC heap before
{Heap before GC invocations=26 (full 0):
 def new generation   total 4928K, used 4466K [0x03e00000, 0x04350000, 0x09350000)
  eden space 4416K, 100% used [0x03e00000, 0x04250000, 0x04250000)
  from space 512K,   9% used [0x04250000, 0x0425caf0, 0x042d0000)
  to   space 512K,   0% used [0x042d0000, 0x042d0000, 0x04350000)
 tenured generation   total 10944K, used 3875K [0x09350000, 0x09e00000, 0x13e00000)
   the space 10944K,  35% used [0x09350000, 0x09718e00, 0x09718e00, 0x09e00000)
 Metaspace       used 8209K, capacity 8435K, committed 8576K, reserved 8576K
Event: 20.558 GC heap after
Heap after GC invocations=27 (full 0):
 def new generation   total 4928K, used 37K [0x03e00000, 0x04350000, 0x09350000)
  eden space 4416K,   0% used [0x03e00000, 0x03e00000, 0x04250000)
  from space 512K,   7% used [0x042d0000, 0x042d9600, 0x04350000)
  to   space 512K,   0% used [0x04250000, 0x04250000, 0x042d0000)
 tenured generation   total 10944K, used 3876K [0x09350000, 0x09e00000, 0x13e00000)
   the space 10944K,  35% used [0x09350000, 0x09719270, 0x09719400, 0x09e00000)
 Metaspace       used 8209K, capacity 8435K, committed 8576K, reserved 8576K
}

