# JRE version: Java(TM) SE Runtime Environment (8.0_45-b15) (build 1.8.0_45-b15)
# Java VM: Java HotSpot(TM) Client VM (25.45-b02 mixed mode windows-x86 )
Heap:
 def new generation   total 4928K, used 247K [0x03e00000, 0x04350000, 0x09350000)
  eden space 4416K,   4% used [0x03e00000, 0x03e2dd48, 0x04250000)
  from space 512K,  12% used [0x042d0000, 0x042e02a0, 0x04350000)
  to   space 512K,   0% used [0x04250000, 0x04250000, 0x042d0000)
 tenured generation   total 10944K, used 3991K [0x09350000, 0x09e00000, 0x13e00000)
   the space 10944K,  36% used [0x09350000, 0x09735dd8, 0x09735e00, 0x09e00000)
 Metaspace       used 8369K, capacity 8602K, committed 8704K, reserved 9600K
GC Heap History (10 events):
Event: 218.371 GC heap before
{Heap before GC invocations=104 (full 0):
 def new generation   total 4928K, used 4479K [0x03e00000, 0x04350000, 0x09350000)
  eden space 4416K, 100% used [0x03e00000, 0x04250000, 0x04250000)
  from space 512K,  12% used [0x04250000, 0x0425fc00, 0x042d0000)
  to   space 512K,   0% used [0x042d0000, 0x042d0000, 0x04350000)
 tenured generation   total 10944K, used 3991K [0x09350000, 0x09e00000, 0x13e00000)
   the space 10944K,  36% used [0x09350000, 0x09735d30, 0x09735e00, 0x09e00000)
 Metaspace       used 8369K, capacity 8602K, committed 8704K, reserved 9600K
Event: 218.372 GC heap after
Heap after GC invocations=105 (full 0):
 def new generation   total 4928K, used 27K [0x03e00000, 0x04350000, 0x09350000)
  eden space 4416K,   0% used [0x03e00000, 0x03e00000, 0x04250000)
  from space 512K,   5% used [0x042d0000, 0x042d6cb8, 0x04350000)
  to   space 512K,   0% used [0x04250000, 0x04250000, 0x042d0000)
 tenured generation   total 10944K, used 3991K [0x09350000, 0x09e00000, 0x13e00000)
   the space 10944K,  36% used [0x09350000, 0x09735d30, 0x09735e00, 0x09e00000)
 Metaspace       used 8369K, capacity 8602K, committed 8704K, reserved 9600K
}
Event: 220.293 GC heap before
{Heap before GC invocations=105 (full 0):
 def new generation   total 4928K, used 4443K [0x03e00000, 0x04350000, 0x09350000)
  eden space 4416K, 100% used [0x03e00000, 0x04250000, 0x04250000)
  from space 512K,   5% used [0x042d0000, 0x042d6cb8, 0x04350000)
  to   space 512K,   0% used [0x04250000, 0x04250000, 0x042d0000)
 tenured generation   total 10944K, used 3991K [0x09350000, 0x09e00000, 0x13e00000)
   the space 10944K,  36% used [0x09350000, 0x09735d30, 0x09735e00, 0x09e00000)
 Metaspace       used 8369K, capacity 8602K, committed 8704K, reserved 9600K
Event: 220.295 GC heap after
Heap after GC invocations=106 (full 0):
 def new generation   total 4928K, used 42K [0x03e00000, 0x04350000, 0x09350000)
  eden space 4416K,   0% used [0x03e00000, 0x03e00000, 0x04250000)
  from space 512K,   8% used [0x04250000, 0x0425a800, 0x042d0000)
  to   space 512K,   0% used [0x042d0000, 0x042d0000, 0x04350000)
 tenured generation   total 10944K, used 3991K [0x09350000, 0x09e00000, 0x13e00000)
   the space 10944K,  36% used [0x09350000, 0x09735d30, 0x09735e00, 0x09e00000)
 Metaspace       used 8369K, capacity 8602K, committed 8704K, reserved 9600K
}
Event: 220.674 GC heap before
{Heap before GC invocations=106 (full 0):
 def new generation   total 4928K, used 4458K [0x03e00000, 0x04350000, 0x09350000)
  eden space 4416K, 100% used [0x03e00000, 0x04250000, 0x04250000)
  from space 512K,   8% used [0x04250000, 0x0425a800, 0x042d0000)
  to   space 512K,   0% used [0x042d0000, 0x042d0000, 0x04350000)
 tenured generation   total 10944K, used 3991K [0x09350000, 0x09e00000, 0x13e00000)
   the space 10944K,  36% used [0x09350000, 0x09735d30, 0x09735e00, 0x09e00000)
 Metaspace       used 8369K, capacity 8602K, committed 8704K, reserved 9600K
Event: 220.675 GC heap after
Heap after GC invocations=107 (full 0):
 def new generation   total 4928K, used 51K [0x03e00000, 0x04350000, 0x09350000)
  eden space 4416K,   0% used [0x03e00000, 0x03e00000, 0x04250000)
  from space 512K,   9% used [0x042d0000, 0x042dcc88, 0x04350000)
  to   space 512K,   0% used [0x04250000, 0x04250000, 0x042d0000)
 tenured generation   total 10944K, used 3991K [0x09350000, 0x09e00000, 0x13e00000)
   the space 10944K,  36% used [0x09350000, 0x09735d30, 0x09735e00, 0x09e00000)
 Metaspace       used 8369K, capacity 8602K, committed 8704K, reserved 9600K
}
Event: 221.192 GC heap before
{Heap before GC invocations=107 (full 0):
 def new generation   total 4928K, used 4467K [0x03e00000, 0x04350000, 0x09350000)
  eden space 4416K, 100% used [0x03e00000, 0x04250000, 0x04250000)
  from space 512K,   9% used [0x042d0000, 0x042dcc88, 0x04350000)
  to   space 512K,   0% used [0x04250000, 0x04250000, 0x042d0000)
 tenured generation   total 10944K, used 3991K [0x09350000, 0x09e00000, 0x13e00000)
   the space 10944K,  36% used [0x09350000, 0x09735d30, 0x09735e00, 0x09e00000)
 Metaspace       used 8369K, capacity 8602K, committed 8704K, reserved 9600K
Event: 221.193 GC heap after
Heap after GC invocations=108 (full 0):
 def new generation   total 4928K, used 60K [0x03e00000, 0x04350000, 0x09350000)
  eden space 4416K,   0% used [0x03e00000, 0x03e00000, 0x04250000)
  from space 512K,  11% used [0x04250000, 0x0425f020, 0x042d0000)
  to   space 512K,   0% used [0x042d0000, 0x042d0000, 0x04350000)
 tenured generation   total 10944K, used 3991K [0x09350000, 0x09e00000, 0x13e00000)
   the space 10944K,  36% used [0x09350000, 0x09735dd8, 0x09735e00, 0x09e00000)
 Metaspace       used 8369K, capacity 8602K, committed 8704K, reserved 9600K
}
Event: 221.719 GC heap before
{Heap before GC invocations=108 (full 0):
 def new generation   total 4928K, used 4476K [0x03e00000, 0x04350000, 0x09350000)
  eden space 4416K,  99% used [0x03e00000, 0x0424fff8, 0x04250000)
  from space 512K,  11% used [0x04250000, 0x0425f020, 0x042d0000)
  to   space 512K,   0% used [0x042d0000, 0x042d0000, 0x04350000)
 tenured generation   total 10944K, used 3991K [0x09350000, 0x09e00000, 0x13e00000)
   the space 10944K,  36% used [0x09350000, 0x09735dd8, 0x09735e00, 0x09e00000)
 Metaspace       used 8369K, capacity 8602K, committed 8704K, reserved 9600K
Event: 221.721 GC heap after
Heap after GC invocations=109 (full 0):
 def new generation   total 4928K, used 64K [0x03e00000, 0x04350000, 0x09350000)
  eden space 4416K,   0% used [0x03e00000, 0x03e00000, 0x04250000)
  from space 512K,  12% used [0x042d0000, 0x042e02a0, 0x04350000)
  to   space 512K,   0% used [0x04250000, 0x04250000, 0x042d0000)
 tenured generation   total 10944K, used 3991K [0x09350000, 0x09e00000, 0x13e00000)
   the space 10944K,  36% used [0x09350000, 0x09735dd8, 0x09735e00, 0x09e00000)
 Metaspace       used 8369K, capacity 8602K, committed 8704K, reserved 9600K
}

