# JRE version: Java(TM) SE Runtime Environment (8.0_45-b15) (build 1.8.0_45-b15)
# Java VM: Java HotSpot(TM) Client VM (25.45-b02 mixed mode windows-x86 )
Heap:
 def new generation   total 4928K, used 225K [0x03e00000, 0x04350000, 0x09350000)
  eden space 4416K,   4% used [0x03e00000, 0x03e2d698, 0x04250000)
  from space 512K,   8% used [0x04250000, 0x0425b130, 0x042d0000)
  to   space 512K,   0% used [0x042d0000, 0x042d0000, 0x04350000)
 tenured generation   total 10944K, used 3868K [0x09350000, 0x09e00000, 0x13e00000)
   the space 10944K,  35% used [0x09350000, 0x09717368, 0x09717400, 0x09e00000)
 Metaspace       used 8227K, capacity 8427K, committed 8576K, reserved 8576K
GC Heap History (10 events):
Event: 21.787 GC heap before
{Heap before GC invocations=27 (full 0):
 def new generation   total 4928K, used 4451K [0x03e00000, 0x04350000, 0x09350000)
  eden space 4416K, 100% used [0x03e00000, 0x04250000, 0x04250000)
  from space 512K,   6% used [0x042d0000, 0x042d8eb8, 0x04350000)
  to   space 512K,   0% used [0x04250000, 0x04250000, 0x042d0000)
 tenured generation   total 10944K, used 3868K [0x09350000, 0x09e00000, 0x13e00000)
   the space 10944K,  35% used [0x09350000, 0x09717200, 0x09717200, 0x09e00000)
 Metaspace       used 8226K, capacity 8427K, committed 8576K, reserved 8576K
Event: 21.789 GC heap after
Heap after GC invocations=28 (full 0):
 def new generation   total 4928K, used 35K [0x03e00000, 0x04350000, 0x09350000)
  eden space 4416K,   0% used [0x03e00000, 0x03e00000, 0x04250000)
  from space 512K,   6% used [0x04250000, 0x04258e30, 0x042d0000)
  to   space 512K,   0% used [0x042d0000, 0x042d0000, 0x04350000)
 tenured generation   total 10944K, used 3868K [0x09350000, 0x09e00000, 0x13e00000)
   the space 10944K,  35% used [0x09350000, 0x09717368, 0x09717400, 0x09e00000)
 Metaspace       used 8226K, capacity 8427K, committed 8576K, reserved 8576K
}
Event: 22.213 GC heap before
{Heap before GC invocations=28 (full 0):
 def new generation   total 4928K, used 4451K [0x03e00000, 0x04350000, 0x09350000)
  eden space 4416K, 100% used [0x03e00000, 0x04250000, 0x04250000)
  from space 512K,   6% used [0x04250000, 0x04258e30, 0x042d0000)
  to   space 512K,   0% used [0x042d0000, 0x042d0000, 0x04350000)
 tenured generation   total 10944K, used 3868K [0x09350000, 0x09e00000, 0x13e00000)
   the space 10944K,  35% used [0x09350000, 0x09717368, 0x09717400, 0x09e00000)
 Metaspace       used 8226K, capacity 8427K, committed 8576K, reserved 8576K
Event: 22.214 GC heap after
Heap after GC invocations=29 (full 0):
 def new generation   total 4928K, used 39K [0x03e00000, 0x04350000, 0x09350000)
  eden space 4416K,   0% used [0x03e00000, 0x03e00000, 0x04250000)
  from space 512K,   7% used [0x042d0000, 0x042d9e58, 0x04350000)
  to   space 512K,   0% used [0x04250000, 0x04250000, 0x042d0000)
 tenured generation   total 10944K, used 3868K [0x09350000, 0x09e00000, 0x13e00000)
   the space 10944K,  35% used [0x09350000, 0x09717368, 0x09717400, 0x09e00000)
 Metaspace       used 8226K, capacity 8427K, committed 8576K, reserved 8576K
}
Event: 22.756 GC heap before
{Heap before GC invocations=29 (full 0):
 def new generation   total 4928K, used 4455K [0x03e00000, 0x04350000, 0x09350000)
  eden space 4416K, 100% used [0x03e00000, 0x04250000, 0x04250000)
  from space 512K,   7% used [0x042d0000, 0x042d9e58, 0x04350000)
  to   space 512K,   0% used [0x04250000, 0x04250000, 0x042d0000)
 tenured generation   total 10944K, used 3868K [0x09350000, 0x09e00000, 0x13e00000)
   the space 10944K,  35% used [0x09350000, 0x09717368, 0x09717400, 0x09e00000)
 Metaspace       used 8226K, capacity 8427K, committed 8576K, reserved 8576K
Event: 22.757 GC heap after
Heap after GC invocations=30 (full 0):
 def new generation   total 4928K, used 38K [0x03e00000, 0x04350000, 0x09350000)
  eden space 4416K,   0% used [0x03e00000, 0x03e00000, 0x04250000)
  from space 512K,   7% used [0x04250000, 0x04259ba8, 0x042d0000)
  to   space 512K,   0% used [0x042d0000, 0x042d0000, 0x04350000)
 tenured generation   total 10944K, used 3868K [0x09350000, 0x09e00000, 0x13e00000)
   the space 10944K,  35% used [0x09350000, 0x09717368, 0x09717400, 0x09e00000)
 Metaspace       used 8226K, capacity 8427K, committed 8576K, reserved 8576K
}
Event: 23.223 GC heap before
{Heap before GC invocations=30 (full 0):
 def new generation   total 4928K, used 4454K [0x03e00000, 0x04350000, 0x09350000)
  eden space 4416K, 100% used [0x03e00000, 0x04250000, 0x04250000)
  from space 512K,   7% used [0x04250000, 0x04259ba8, 0x042d0000)
  to   space 512K,   0% used [0x042d0000, 0x042d0000, 0x04350000)
 tenured generation   total 10944K, used 3868K [0x09350000, 0x09e00000, 0x13e00000)
   the space 10944K,  35% used [0x09350000, 0x09717368, 0x09717400, 0x09e00000)
 Metaspace       used 8227K, capacity 8427K, committed 8576K, reserved 8576K
Event: 23.225 GC heap after
Heap after GC invocations=31 (full 0):
 def new generation   total 4928K, used 38K [0x03e00000, 0x04350000, 0x09350000)
  eden space 4416K,   0% used [0x03e00000, 0x03e00000, 0x04250000)
  from space 512K,   7% used [0x042d0000, 0x042d9898, 0x04350000)
  to   space 512K,   0% used [0x04250000, 0x04250000, 0x042d0000)
 tenured generation   total 10944K, used 3868K [0x09350000, 0x09e00000, 0x13e00000)
   the space 10944K,  35% used [0x09350000, 0x09717368, 0x09717400, 0x09e00000)
 Metaspace       used 8227K, capacity 8427K, committed 8576K, reserved 8576K
}
Event: 23.638 GC heap before
{Heap before GC invocations=31 (full 0):
 def new generation   total 4928K, used 4454K [0x03e00000, 0x04350000, 0x09350000)
  eden space 4416K, 100% used [0x03e00000, 0x04250000, 0x04250000)
  from space 512K,   7% used [0x042d0000, 0x042d9898, 0x04350000)
  to   space 512K,   0% used [0x04250000, 0x04250000, 0x042d0000)
 tenured generation   total 10944K, used 3868K [0x09350000, 0x09e00000, 0x13e00000)
   the space 10944K,  35% used [0x09350000, 0x09717368, 0x09717400, 0x09e00000)
 Metaspace       used 8227K, capacity 8427K, committed 8576K, reserved 8576K
Event: 23.640 GC heap after
Heap after GC invocations=32 (full 0):
 def new generation   total 4928K, used 44K [0x03e00000, 0x04350000, 0x09350000)
  eden space 4416K,   0% used [0x03e00000, 0x03e00000, 0x04250000)
  from space 512K,   8% used [0x04250000, 0x0425b130, 0x042d0000)
  to   space 512K,   0% used [0x042d0000, 0x042d0000, 0x04350000)
 tenured generation   total 10944K, used 3868K [0x09350000, 0x09e00000, 0x13e00000)
   the space 10944K,  35% used [0x09350000, 0x09717368, 0x09717400, 0x09e00000)
 Metaspace       used 8227K, capacity 8427K, committed 8576K, reserved 8576K
}

