# JRE version: Java(TM) SE Runtime Environment (8.0_45-b15) (build 1.8.0_45-b15)
# Java VM: Java HotSpot(TM) Client VM (25.45-b02 mixed mode windows-x86 )
Heap:
 def new generation   total 4928K, used 346K [0x03e00000, 0x04350000, 0x09350000)
  eden space 4416K,   4% used [0x03e00000, 0x03e2c620, 0x04250000)
  from space 512K,  33% used [0x042d0000, 0x042fa5c0, 0x04350000)
  to   space 512K,   0% used [0x04250000, 0x04250000, 0x042d0000)
 tenured generation   total 10944K, used 4208K [0x09350000, 0x09e00000, 0x13e00000)
   the space 10944K,  38% used [0x09350000, 0x0976c1b8, 0x0976c200, 0x09e00000)
 Metaspace       used 9365K, capacity 9557K, committed 9600K, reserved 9600K
GC Heap History (10 events):
Event: 0.624 GC heap before
{Heap before GC invocations=0 (full 0):
 def new generation   total 4928K, used 4416K [0x03e00000, 0x04350000, 0x09350000)
  eden space 4416K, 100% used [0x03e00000, 0x04250000, 0x04250000)
  from space 512K,   0% used [0x04250000, 0x04250000, 0x042d0000)
  to   space 512K,   0% used [0x042d0000, 0x042d0000, 0x04350000)
 tenured generation   total 10944K, used 0K [0x09350000, 0x09e00000, 0x13e00000)
   the space 10944K,   0% used [0x09350000, 0x09350000, 0x09350200, 0x09e00000)
 Metaspace       used 7154K, capacity 7331K, committed 7424K, reserved 7552K
Event: 0.632 GC heap after
Heap after GC invocations=1 (full 0):
 def new generation   total 4928K, used 512K [0x03e00000, 0x04350000, 0x09350000)
  eden space 4416K,   0% used [0x03e00000, 0x03e00000, 0x04250000)
  from space 512K, 100% used [0x042d0000, 0x04350000, 0x04350000)
  to   space 512K,   0% used [0x04250000, 0x04250000, 0x042d0000)
 tenured generation   total 10944K, used 1183K [0x09350000, 0x09e00000, 0x13e00000)
   the space 10944K,  10% used [0x09350000, 0x09477eb0, 0x09478000, 0x09e00000)
 Metaspace       used 7154K, capacity 7331K, committed 7424K, reserved 7552K
}
Event: 1.212 GC heap before
{Heap before GC invocations=1 (full 0):
 def new generation   total 4928K, used 4928K [0x03e00000, 0x04350000, 0x09350000)
  eden space 4416K, 100% used [0x03e00000, 0x04250000, 0x04250000)
  from space 512K, 100% used [0x042d0000, 0x04350000, 0x04350000)
  to   space 512K,   0% used [0x04250000, 0x04250000, 0x042d0000)
 tenured generation   total 10944K, used 1183K [0x09350000, 0x09e00000, 0x13e00000)
   the space 10944K,  10% used [0x09350000, 0x09477eb0, 0x09478000, 0x09e00000)
 Metaspace       used 9112K, capacity 9325K, committed 9472K, reserved 9600K
Event: 1.221 GC heap after
Heap after GC invocations=2 (full 0):
 def new generation   total 4928K, used 512K [0x03e00000, 0x04350000, 0x09350000)
  eden space 4416K,   0% used [0x03e00000, 0x03e00000, 0x04250000)
  from space 512K, 100% used [0x04250000, 0x042d0000, 0x042d0000)
  to   space 512K,   0% used [0x042d0000, 0x042d0000, 0x04350000)
 tenured generation   total 10944K, used 3710K [0x09350000, 0x09e00000, 0x13e00000)
   the space 10944K,  33% used [0x09350000, 0x096ef8d0, 0x096efa00, 0x09e00000)
 Metaspace       used 9112K, capacity 9325K, committed 9472K, reserved 9600K
}
Event: 8.457 GC heap before
{Heap before GC invocations=2 (full 0):
 def new generation   total 4928K, used 4928K [0x03e00000, 0x04350000, 0x09350000)
  eden space 4416K, 100% used [0x03e00000, 0x04250000, 0x04250000)
  from space 512K, 100% used [0x04250000, 0x042d0000, 0x042d0000)
  to   space 512K,   0% used [0x042d0000, 0x042d0000, 0x04350000)
 tenured generation   total 10944K, used 3710K [0x09350000, 0x09e00000, 0x13e00000)
   the space 10944K,  33% used [0x09350000, 0x096ef8d0, 0x096efa00, 0x09e00000)
 Metaspace       used 9353K, capacity 9557K, committed 9600K, reserved 9600K
Event: 8.460 GC heap after
Heap after GC invocations=3 (full 0):
 def new generation   total 4928K, used 144K [0x03e00000, 0x04350000, 0x09350000)
  eden space 4416K,   0% used [0x03e00000, 0x03e00000, 0x04250000)
  from space 512K,  28% used [0x042d0000, 0x042f4098, 0x04350000)
  to   space 512K,   0% used [0x04250000, 0x04250000, 0x042d0000)
 tenured generation   total 10944K, used 4208K [0x09350000, 0x09e00000, 0x13e00000)
   the space 10944K,  38% used [0x09350000, 0x0976c1b8, 0x0976c200, 0x09e00000)
 Metaspace       used 9353K, capacity 9557K, committed 9600K, reserved 9600K
}
Event: 14.803 GC heap before
{Heap before GC invocations=3 (full 0):
 def new generation   total 4928K, used 4560K [0x03e00000, 0x04350000, 0x09350000)
  eden space 4416K, 100% used [0x03e00000, 0x04250000, 0x04250000)
  from space 512K,  28% used [0x042d0000, 0x042f4098, 0x04350000)
  to   space 512K,   0% used [0x04250000, 0x04250000, 0x042d0000)
 tenured generation   total 10944K, used 4208K [0x09350000, 0x09e00000, 0x13e00000)
   the space 10944K,  38% used [0x09350000, 0x0976c1b8, 0x0976c200, 0x09e00000)
 Metaspace       used 9365K, capacity 9557K, committed 9600K, reserved 9600K
Event: 14.805 GC heap after
Heap after GC invocations=4 (full 0):
 def new generation   total 4928K, used 156K [0x03e00000, 0x04350000, 0x09350000)
  eden space 4416K,   0% used [0x03e00000, 0x03e00000, 0x04250000)
  from space 512K,  30% used [0x04250000, 0x04277108, 0x042d0000)
  to   space 512K,   0% used [0x042d0000, 0x042d0000, 0x04350000)
 tenured generation   total 10944K, used 4208K [0x09350000, 0x09e00000, 0x13e00000)
   the space 10944K,  38% used [0x09350000, 0x0976c1b8, 0x0976c200, 0x09e00000)
 Metaspace       used 9365K, capacity 9557K, committed 9600K, reserved 9600K
}
Event: 15.499 GC heap before
{Heap before GC invocations=4 (full 0):
 def new generation   total 4928K, used 4572K [0x03e00000, 0x04350000, 0x09350000)
  eden space 4416K, 100% used [0x03e00000, 0x04250000, 0x04250000)
  from space 512K,  30% used [0x04250000, 0x04277108, 0x042d0000)
  to   space 512K,   0% used [0x042d0000, 0x042d0000, 0x04350000)
 tenured generation   total 10944K, used 4208K [0x09350000, 0x09e00000, 0x13e00000)
   the space 10944K,  38% used [0x09350000, 0x0976c1b8, 0x0976c200, 0x09e00000)
 Metaspace       used 9365K, capacity 9557K, committed 9600K, reserved 9600K
Event: 15.501 GC heap after
Heap after GC invocations=5 (full 0):
 def new generation   total 4928K, used 169K [0x03e00000, 0x04350000, 0x09350000)
  eden space 4416K,   0% used [0x03e00000, 0x03e00000, 0x04250000)
  from space 512K,  33% used [0x042d0000, 0x042fa5c0, 0x04350000)
  to   space 512K,   0% used [0x04250000, 0x04250000, 0x042d0000)
 tenured generation   total 10944K, used 4208K [0x09350000, 0x09e00000, 0x13e00000)
   the space 10944K,  38% used [0x09350000, 0x0976c1b8, 0x0976c200, 0x09e00000)
 Metaspace       used 9365K, capacity 9557K, committed 9600K, reserved 9600K
}

