# JRE version: Java(TM) SE Runtime Environment (8.0_45-b15) (build 1.8.0_45-b15)
# Java VM: Java HotSpot(TM) Client VM (25.45-b02 mixed mode windows-x86 )
Heap:
 def new generation   total 4928K, used 245K [0x03e00000, 0x04350000, 0x09350000)
  eden space 4416K,   4% used [0x03e00000, 0x03e30220, 0x04250000)
  from space 512K,  10% used [0x042d0000, 0x042dd268, 0x04350000)
  to   space 512K,   0% used [0x04250000, 0x04250000, 0x042d0000)
 tenured generation   total 10944K, used 3942K [0x09350000, 0x09e00000, 0x13e00000)
   the space 10944K,  36% used [0x09350000, 0x09729ac8, 0x09729c00, 0x09e00000)
 Metaspace       used 8244K, capacity 8459K, committed 8576K, reserved 8576K
GC Heap History (10 events):
Event: 8.840 GC heap before
{Heap before GC invocations=8 (full 0):
 def new generation   total 4928K, used 4472K [0x03e00000, 0x04350000, 0x09350000)
  eden space 4416K, 100% used [0x03e00000, 0x04250000, 0x04250000)
  from space 512K,  10% used [0x04250000, 0x0425e000, 0x042d0000)
  to   space 512K,   0% used [0x042d0000, 0x042d0000, 0x04350000)
 tenured generation   total 10944K, used 3942K [0x09350000, 0x09e00000, 0x13e00000)
   the space 10944K,  36% used [0x09350000, 0x09729ac8, 0x09729c00, 0x09e00000)
 Metaspace       used 8244K, capacity 8459K, committed 8576K, reserved 8576K
Event: 8.841 GC heap after
Heap after GC invocations=9 (full 0):
 def new generation   total 4928K, used 61K [0x03e00000, 0x04350000, 0x09350000)
  eden space 4416K,   0% used [0x03e00000, 0x03e00000, 0x04250000)
  from space 512K,  11% used [0x042d0000, 0x042df4c0, 0x04350000)
  to   space 512K,   0% used [0x04250000, 0x04250000, 0x042d0000)
 tenured generation   total 10944K, used 3942K [0x09350000, 0x09e00000, 0x13e00000)
   the space 10944K,  36% used [0x09350000, 0x09729ac8, 0x09729c00, 0x09e00000)
 Metaspace       used 8244K, capacity 8459K, committed 8576K, reserved 8576K
}
Event: 10.402 GC heap before
{Heap before GC invocations=9 (full 0):
 def new generation   total 4928K, used 4477K [0x03e00000, 0x04350000, 0x09350000)
  eden space 4416K, 100% used [0x03e00000, 0x04250000, 0x04250000)
  from space 512K,  11% used [0x042d0000, 0x042df4c0, 0x04350000)
  to   space 512K,   0% used [0x04250000, 0x04250000, 0x042d0000)
 tenured generation   total 10944K, used 3942K [0x09350000, 0x09e00000, 0x13e00000)
   the space 10944K,  36% used [0x09350000, 0x09729ac8, 0x09729c00, 0x09e00000)
 Metaspace       used 8244K, capacity 8459K, committed 8576K, reserved 8576K
Event: 10.404 GC heap after
Heap after GC invocations=10 (full 0):
 def new generation   total 4928K, used 57K [0x03e00000, 0x04350000, 0x09350000)
  eden space 4416K,   0% used [0x03e00000, 0x03e00000, 0x04250000)
  from space 512K,  11% used [0x04250000, 0x0425e400, 0x042d0000)
  to   space 512K,   0% used [0x042d0000, 0x042d0000, 0x04350000)
 tenured generation   total 10944K, used 3942K [0x09350000, 0x09e00000, 0x13e00000)
   the space 10944K,  36% used [0x09350000, 0x09729ac8, 0x09729c00, 0x09e00000)
 Metaspace       used 8244K, capacity 8459K, committed 8576K, reserved 8576K
}
Event: 10.860 GC heap before
{Heap before GC invocations=10 (full 0):
 def new generation   total 4928K, used 4473K [0x03e00000, 0x04350000, 0x09350000)
  eden space 4416K, 100% used [0x03e00000, 0x04250000, 0x04250000)
  from space 512K,  11% used [0x04250000, 0x0425e400, 0x042d0000)
  to   space 512K,   0% used [0x042d0000, 0x042d0000, 0x04350000)
 tenured generation   total 10944K, used 3942K [0x09350000, 0x09e00000, 0x13e00000)
   the space 10944K,  36% used [0x09350000, 0x09729ac8, 0x09729c00, 0x09e00000)
 Metaspace       used 8244K, capacity 8459K, committed 8576K, reserved 8576K
Event: 10.861 GC heap after
Heap after GC invocations=11 (full 0):
 def new generation   total 4928K, used 53K [0x03e00000, 0x04350000, 0x09350000)
  eden space 4416K,   0% used [0x03e00000, 0x03e00000, 0x04250000)
  from space 512K,  10% used [0x042d0000, 0x042dd6b0, 0x04350000)
  to   space 512K,   0% used [0x04250000, 0x04250000, 0x042d0000)
 tenured generation   total 10944K, used 3942K [0x09350000, 0x09e00000, 0x13e00000)
   the space 10944K,  36% used [0x09350000, 0x09729ac8, 0x09729c00, 0x09e00000)
 Metaspace       used 8244K, capacity 8459K, committed 8576K, reserved 8576K
}
Event: 13.347 GC heap before
{Heap before GC invocations=11 (full 0):
 def new generation   total 4928K, used 4469K [0x03e00000, 0x04350000, 0x09350000)
  eden space 4416K, 100% used [0x03e00000, 0x04250000, 0x04250000)
  from space 512K,  10% used [0x042d0000, 0x042dd6b0, 0x04350000)
  to   space 512K,   0% used [0x04250000, 0x04250000, 0x042d0000)
 tenured generation   total 10944K, used 3942K [0x09350000, 0x09e00000, 0x13e00000)
   the space 10944K,  36% used [0x09350000, 0x09729ac8, 0x09729c00, 0x09e00000)
 Metaspace       used 8244K, capacity 8459K, committed 8576K, reserved 8576K
Event: 13.348 GC heap after
Heap after GC invocations=12 (full 0):
 def new generation   total 4928K, used 60K [0x03e00000, 0x04350000, 0x09350000)
  eden space 4416K,   0% used [0x03e00000, 0x03e00000, 0x04250000)
  from space 512K,  11% used [0x04250000, 0x0425f0f0, 0x042d0000)
  to   space 512K,   0% used [0x042d0000, 0x042d0000, 0x04350000)
 tenured generation   total 10944K, used 3942K [0x09350000, 0x09e00000, 0x13e00000)
   the space 10944K,  36% used [0x09350000, 0x09729ac8, 0x09729c00, 0x09e00000)
 Metaspace       used 8244K, capacity 8459K, committed 8576K, reserved 8576K
}
Event: 13.796 GC heap before
{Heap before GC invocations=12 (full 0):
 def new generation   total 4928K, used 4476K [0x03e00000, 0x04350000, 0x09350000)
  eden space 4416K, 100% used [0x03e00000, 0x04250000, 0x04250000)
  from space 512K,  11% used [0x04250000, 0x0425f0f0, 0x042d0000)
  to   space 512K,   0% used [0x042d0000, 0x042d0000, 0x04350000)
 tenured generation   total 10944K, used 3942K [0x09350000, 0x09e00000, 0x13e00000)
   the space 10944K,  36% used [0x09350000, 0x09729ac8, 0x09729c00, 0x09e00000)
 Metaspace       used 8244K, capacity 8459K, committed 8576K, reserved 8576K
Event: 13.797 GC heap after
Heap after GC invocations=13 (full 0):
 def new generation   total 4928K, used 52K [0x03e00000, 0x04350000, 0x09350000)
  eden space 4416K,   0% used [0x03e00000, 0x03e00000, 0x04250000)
  from space 512K,  10% used [0x042d0000, 0x042dd268, 0x04350000)
  to   space 512K,   0% used [0x04250000, 0x04250000, 0x042d0000)
 tenured generation   total 10944K, used 3942K [0x09350000, 0x09e00000, 0x13e00000)
   the space 10944K,  36% used [0x09350000, 0x09729ac8, 0x09729c00, 0x09e00000)
 Metaspace       used 8244K, capacity 8459K, committed 8576K, reserved 8576K
}

